2021-04-06 09:26:10,731 INFO o.a.j.u.JMeterUtils: Setting Locale to en_EN
2021-04-06 09:26:10,771 INFO o.a.j.JMeter: Loading user properties from: /home/joellobo/dev/tools/apache-jmeter-5.4.1/bin/user.properties
2021-04-06 09:26:10,772 INFO o.a.j.JMeter: Loading system properties from: /home/joellobo/dev/tools/apache-jmeter-5.4.1/bin/system.properties
2021-04-06 09:26:10,784 INFO o.a.j.JMeter: Copyright (c) 1998-2021 The Apache Software Foundation
2021-04-06 09:26:10,784 INFO o.a.j.JMeter: Version 5.4.1
2021-04-06 09:26:10,784 INFO o.a.j.JMeter: java.version=11.0.10
2021-04-06 09:26:10,784 INFO o.a.j.JMeter: java.vm.name=OpenJDK 64-Bit Server VM
2021-04-06 09:26:10,784 INFO o.a.j.JMeter: os.name=Linux
2021-04-06 09:26:10,785 INFO o.a.j.JMeter: os.arch=amd64
2021-04-06 09:26:10,785 INFO o.a.j.JMeter: os.version=5.8.0-48-generic
2021-04-06 09:26:10,785 INFO o.a.j.JMeter: file.encoding=UTF-8
2021-04-06 09:26:10,785 INFO o.a.j.JMeter: java.awt.headless=null
2021-04-06 09:26:10,785 INFO o.a.j.JMeter: Max memory     =1073741824
2021-04-06 09:26:10,785 INFO o.a.j.JMeter: Available Processors =4
2021-04-06 09:26:10,800 INFO o.a.j.JMeter: Default Locale=English (EN)
2021-04-06 09:26:10,801 INFO o.a.j.JMeter: JMeter  Locale=English (EN)
2021-04-06 09:26:10,801 INFO o.a.j.JMeter: JMeterHome=/home/joellobo/dev/tools/apache-jmeter-5.4.1
2021-04-06 09:26:10,801 INFO o.a.j.JMeter: user.dir  =/home/joellobo/dev/github/java8-lts
2021-04-06 09:26:10,801 INFO o.a.j.JMeter: PWD       =/home/joellobo/dev/github/java8-lts
2021-04-06 09:26:10,801 INFO o.a.j.JMeter: IP: 127.0.1.1 Name: joellobo-XPS-L421X FullName: joellobo-XPS-L421X
